生成启动时间为 2021/3/26 10:17:04。
     1>项目“D:\cv_proj\leetcode\project\project.vcxproj”在节点 2 上(Build 个目标)。
     1>ClCompile:
         C:\Program Files (x86)\Microsoft Visual Studio 11.0\VC\bin\CL.exe /c /ZI /nologo /W3 /WX- /Od /Oy- /D WIN32 /D _DEBUG /D _CONSOLE /D _UNICODE /D UNICODE /Gm /EHsc /RTC1 /MDd /GS /fp:precise /Zc:wchar_t /Zc:forScope /Fo"Debug\\" /Fd"Debug\vc110.pdb" /Gd /TP /analyze- /errorReport:prompt main.cpp
         main.cpp
     1>d:\cv_proj\leetcode\project\main.cpp(18): warning C4305: “初始化”: 从“double”到“float”截断
     1>d:\cv_proj\leetcode\project\main.cpp(38): warning C4244: “初始化”: 从“double”转换到“float”，可能丢失数据
     1>d:\cv_proj\leetcode\project\main.cpp(39): warning C4244: “初始化”: 从“double”转换到“float”，可能丢失数据
     1>d:\cv_proj\leetcode\project\main.cpp(51): warning C4244: “初始化”: 从“float”转换到“int”，可能丢失数据
     1>d:\cv_proj\leetcode\project\main.cpp(56): warning C4244: “=”: 从“double”转换到“float”，可能丢失数据
     1>d:\cv_proj\leetcode\project\main.cpp(80): warning C4244: “初始化”: 从“double”转换到“float”，可能丢失数据
     1>d:\cv_proj\leetcode\project\main.cpp(81): warning C4244: “初始化”: 从“double”转换到“float”，可能丢失数据
     1>d:\cv_proj\leetcode\project\main.cpp(99): warning C4244: “初始化”: 从“float”转换到“int”，可能丢失数据
     1>d:\cv_proj\leetcode\project\main.cpp(122): warning C4244: “参数”: 从“int”转换到“float”，可能丢失数据
       Link:
         C:\Program Files (x86)\Microsoft Visual Studio 11.0\VC\bin\link.exe /ERRORREPORT:PROMPT /OUT:"D:\cv_proj\leetcode\Debug\project.exe" /INCREMENTAL /NOLOGO opencv_calib3d2411d.lib opencv_contrib2411d.lib opencv_core2411d.lib opencv_features2d2411d.lib opencv_flann2411d.lib opencv_gpu2411d.lib opencv_highgui2411d.lib opencv_imgproc2411d.lib opencv_legacy2411d.lib opencv_ml2411d.lib opencv_nonfree2411d.lib opencv_objdetect2411d.lib opencv_ocl2411d.lib opencv_photo2411d.lib opencv_stitching2411d.lib opencv_superres2411d.lib opencv_ts2411d.lib opencv_video2411d.lib opencv_videostab2411d.lib kernel32.lib user32.lib gdi32.lib winspool.lib comdlg32.lib advapi32.lib shell32.lib ole32.lib oleaut32.lib uuid.lib odbc32.lib odbccp32.lib /MANIFEST /MANIFESTUAC:"level='asInvoker' uiAccess='false'" /manifest:embed /DEBUG /PDB:"D:\cv_proj\leetcode\Debug\project.pdb" /SUBSYSTEM:CONSOLE /TLBID:1 /DYNAMICBASE /NXCOMPAT /IMPLIB:"D:\cv_proj\leetcode\Debug\project.lib" /MACHINE:X86 Debug\main.obj
         project.vcxproj -> D:\cv_proj\leetcode\Debug\project.exe
     1>已完成生成项目“D:\cv_proj\leetcode\project\project.vcxproj”(Build 个目标)的操作。

生成成功。

已用时间 00:00:02.15
